<html>
<head>
<title>TestNG:  Default test</title>
<link href="../testng.css" rel="stylesheet" type="text/css" />
<link href="../my-testng.css" rel="stylesheet" type="text/css" />

<style type="text/css">
.log { display: none;} 
.stack-trace { display: none;} 
</style>
<script type="text/javascript">
<!--
function flip(e) {
  current = e.style.display;
  if (current == 'block') {
    e.style.display = 'none';
    return 0;
  }
  else {
    e.style.display = 'block';
    return 1;
  }
}

function toggleBox(szDivId, elem, msg1, msg2)
{
  var res = -1;  if (document.getElementById) {
    res = flip(document.getElementById(szDivId));
  }
  else if (document.all) {
    // this is the way old msie versions work
    res = flip(document.all[szDivId]);
  }
  if(elem) {
    if(res == 0) elem.innerHTML = msg1; else elem.innerHTML = msg2;
  }

}

function toggleAllBoxes() {
  if (document.getElementsByTagName) {
    d = document.getElementsByTagName('div');
    for (i = 0; i < d.length; i++) {
      if (d[i].className == 'log') {
        flip(d[i]);
      }
    }
  }
}

// -->
</script>

</head>
<body>
<h2 align='center'>Default test</h2><table border='1' align="center">
<tr>
<td>Tests passed/Failed/Skipped:</td><td>16/2/0</td>
</tr><tr>
<td>Started on:</td><td>Sun May 21 11:37:43 EDT 2023</td>
</tr>
<tr><td>Total time:</td><td>40 seconds (40397 ms)</td>
</tr><tr>
<td>Included groups:</td><td></td>
</tr><tr>
<td>Excluded groups:</td><td></td>
</tr>
</table><p/>
<small><i>(Hover the method name to see the test class name)</i></small><p/>
<table width='100%' border='1' class='invocation-failed'>
<tr><td colspan='4' align='center'><b>FAILED TESTS</b></td></tr>
<tr><td><b>Test method</b></td>
<td width="30%"><b>Exception</b></td>
<td width="10%"><b>Time (seconds)</b></td>
<td><b>Instance</b></td>
</tr>
<tr>
<td title='com.testcase.HomepageTest.logintest_NullDataForPassword()'><b>logintest_NullDataForPassword</b><br>Test class: com.testcase.HomepageTest<br>Parameters: [Ljava.lang.String;@4ede035e</td>
<td><div><pre>java.lang.AssertionError: The following asserts failed:
	Testing_if_the_Null_value_for_Password_in_HomePage_will_be_ACCEPETED expected [false] but found [true]
	at org.testng.asserts.SoftAssert.assertAll(SoftAssert.java:47)
	at org.testng.asserts.SoftAssert.assertAll(SoftAssert.java:31)
	at com.testcase.HomepageTest.logintest_NullDataForPassword(HomepageTest.java:112)
	at java.base/jdk.internal.reflect.NativeMethodAccessorImpl.invoke0(Native Method)
	at java.base/jdk.internal.reflect.NativeMethodAccessorImpl.invoke(NativeMethodAccessorImpl.java:77)
	at java.base/jdk.internal.reflect.DelegatingMethodAccessorImpl.invoke(DelegatingMethodAccessorImpl.java:43)
	at java.base/java.lang.reflect.Method.invoke(Method.java:568)
	at org.testng.internal.MethodInvocationHelper.invokeMethod(MethodInvocationHelper.java:133)
	at org.testng.internal.TestInvoker.invokeMethod(TestInvoker.java:598)
	at org.testng.internal.TestInvoker.invokeTestMethod(TestInvoker.java:173)
	at org.testng.internal.MethodRunner.runInSequence(MethodRunner.java:46)
	at org.testng.internal.TestInvoker$MethodInvocationAgent.invoke(TestInvoker.java:824)
	at org.testng.internal.TestInvoker.invokeTestMethods(TestInvoker.java:146)
	at org.testng.internal.TestMethodWorker.invokeTestMethods(TestMethodWorker.java:146)
	at org.testng.internal.TestMethodWorker.run(TestMethodWorker.java:128)
	at java.base/java.util.ArrayList.forEach(ArrayList.java:1511)
	at org.testng.TestRunner.privateRun(TestRunner.java:794)
	at org.testng.TestRunner.run(TestRunner.java:596)
	at org.testng.SuiteRunner.runTest(SuiteRunner.java:377)
	at org.testng.SuiteRunner.runSequentially(SuiteRunner.java:371)
	at org.testng.SuiteRunner.privateRun(SuiteRunner.java:332)
	at org.testng.SuiteRunner.run(SuiteRunner.java:276)
	at org.testng.SuiteRunnerWorker.runSuite(SuiteRunnerWorker.java:53)
	at org.testng.SuiteRunnerWorker.run(SuiteRunnerWorker.java:96)
	at org.testng.TestNG.runSuitesSequentially(TestNG.java:1212)
	at org.testng.TestNG.runSuitesLocally(TestNG.java:1134)
	at org.testng.TestNG.runSuites(TestNG.java:1063)
	at org.testng.TestNG.run(TestNG.java:1031)
	at org.testng.remote.AbstractRemoteTestNG.run(AbstractRemoteTestNG.java:115)
	at org.testng.remote.RemoteTestNG.initAndRun(RemoteTestNG.java:251)
	at org.testng.remote.RemoteTestNG.main(RemoteTestNG.java:77)
</pre></div><a href='#' onClick='toggleBox("stack-trace1836786457", this, "Click to show all stack frames", "Click to hide stack frames")'>Click to show all stack frames</a>
<div class='stack-trace' id='stack-trace1836786457'><pre>java.lang.AssertionError: The following asserts failed:
	Testing_if_the_Null_value_for_Password_in_HomePage_will_be_ACCEPETED expected [false] but found [true]
	at org.testng.asserts.SoftAssert.assertAll(SoftAssert.java:47)
	at org.testng.asserts.SoftAssert.assertAll(SoftAssert.java:31)
	at com.testcase.HomepageTest.logintest_NullDataForPassword(HomepageTest.java:112)
	at java.base/jdk.internal.reflect.NativeMethodAccessorImpl.invoke0(Native Method)
	at java.base/jdk.internal.reflect.NativeMethodAccessorImpl.invoke(NativeMethodAccessorImpl.java:77)
	at java.base/jdk.internal.reflect.DelegatingMethodAccessorImpl.invoke(DelegatingMethodAccessorImpl.java:43)
	at java.base/java.lang.reflect.Method.invoke(Method.java:568)
	at org.testng.internal.MethodInvocationHelper.invokeMethod(MethodInvocationHelper.java:133)
	at org.testng.internal.TestInvoker.invokeMethod(TestInvoker.java:598)
	at org.testng.internal.TestInvoker.invokeTestMethod(TestInvoker.java:173)
	at org.testng.internal.MethodRunner.runInSequence(MethodRunner.java:46)
	at org.testng.internal.TestInvoker$MethodInvocationAgent.invoke(TestInvoker.java:824)
	at org.testng.internal.TestInvoker.invokeTestMethods(TestInvoker.java:146)
	at org.testng.internal.TestMethodWorker.invokeTestMethods(TestMethodWorker.java:146)
	at org.testng.internal.TestMethodWorker.run(TestMethodWorker.java:128)
	at java.base/java.util.ArrayList.forEach(ArrayList.java:1511)
	at org.testng.TestRunner.privateRun(TestRunner.java:794)
	at org.testng.TestRunner.run(TestRunner.java:596)
	at org.testng.SuiteRunner.runTest(SuiteRunner.java:377)
	at org.testng.SuiteRunner.runSequentially(SuiteRunner.java:371)
	at org.testng.SuiteRunner.privateRun(SuiteRunner.java:332)
	at org.testng.SuiteRunner.run(SuiteRunner.java:276)
	at org.testng.SuiteRunnerWorker.runSuite(SuiteRunnerWorker.java:53)
	at org.testng.SuiteRunnerWorker.run(SuiteRunnerWorker.java:96)
	at org.testng.TestNG.runSuitesSequentially(TestNG.java:1212)
	at org.testng.TestNG.runSuitesLocally(TestNG.java:1134)
	at org.testng.TestNG.runSuites(TestNG.java:1063)
	at org.testng.TestNG.run(TestNG.java:1031)
	at org.testng.remote.AbstractRemoteTestNG.run(AbstractRemoteTestNG.java:115)
	at org.testng.remote.RemoteTestNG.initAndRun(RemoteTestNG.java:251)
	at org.testng.remote.RemoteTestNG.main(RemoteTestNG.java:77)
</pre></div></td>
<td>1</td>
<td>com.testcase.HomepageTest@69e153c5</td></tr>
<tr>
<td title='com.testcase.HomepageTest.logintest_NullDataForUserName_and_Password()'><b>logintest_NullDataForUserName_and_Password</b><br>Test class: com.testcase.HomepageTest</td>
<td><div><pre>java.lang.AssertionError: Testing whether username and password in Home Page accepts null values expected [false] but found [true]
	at org.testng.Assert.fail(Assert.java:99)
	at org.testng.Assert.failNotEquals(Assert.java:1037)
	at org.testng.Assert.assertFalse(Assert.java:67)
	at com.testcase.HomepageTest.logintest_NullDataForUserName_and_Password(HomepageTest.java:122)
	at java.base/jdk.internal.reflect.NativeMethodAccessorImpl.invoke0(Native Method)
	at java.base/jdk.internal.reflect.NativeMethodAccessorImpl.invoke(NativeMethodAccessorImpl.java:77)
	at java.base/jdk.internal.reflect.DelegatingMethodAccessorImpl.invoke(DelegatingMethodAccessorImpl.java:43)
	at java.base/java.lang.reflect.Method.invoke(Method.java:568)
	at org.testng.internal.MethodInvocationHelper.invokeMethod(MethodInvocationHelper.java:133)
	at org.testng.internal.TestInvoker.invokeMethod(TestInvoker.java:598)
	at org.testng.internal.TestInvoker.invokeTestMethod(TestInvoker.java:173)
	at org.testng.internal.MethodRunner.runInSequence(MethodRunner.java:46)
	at org.testng.internal.TestInvoker$MethodInvocationAgent.invoke(TestInvoker.java:824)
	at org.testng.internal.TestInvoker.invokeTestMethods(TestInvoker.java:146)
	at org.testng.internal.TestMethodWorker.invokeTestMethods(TestMethodWorker.java:146)
	at org.testng.internal.TestMethodWorker.run(TestMethodWorker.java:128)
	at java.base/java.util.ArrayList.forEach(ArrayList.java:1511)
	at org.testng.TestRunner.privateRun(TestRunner.java:794)
	at org.testng.TestRunner.run(TestRunner.java:596)
	at org.testng.SuiteRunner.runTest(SuiteRunner.java:377)
	at org.testng.SuiteRunner.runSequentially(SuiteRunner.java:371)
	at org.testng.SuiteRunner.privateRun(SuiteRunner.java:332)
	at org.testng.SuiteRunner.run(SuiteRunner.java:276)
	at org.testng.SuiteRunnerWorker.runSuite(SuiteRunnerWorker.java:53)
	at org.testng.SuiteRunnerWorker.run(SuiteRunnerWorker.java:96)
	at org.testng.TestNG.runSuitesSequentially(TestNG.java:1212)
	at org.testng.TestNG.runSuitesLocally(TestNG.java:1134)
	at org.testng.TestNG.runSuites(TestNG.java:1063)
	at org.testng.TestNG.run(TestNG.java:1031)
	at org.testng.remote.AbstractRemoteTestNG.run(AbstractRemoteTestNG.java:115)
	at org.testng.remote.RemoteTestNG.initAndRun(RemoteTestNG.java:251)
	at org.testng.remote.RemoteTestNG.main(RemoteTestNG.java:77)
</pre></div><a href='#' onClick='toggleBox("stack-trace834093538", this, "Click to show all stack frames", "Click to hide stack frames")'>Click to show all stack frames</a>
<div class='stack-trace' id='stack-trace834093538'><pre>java.lang.AssertionError: Testing whether username and password in Home Page accepts null values expected [false] but found [true]
	at org.testng.Assert.fail(Assert.java:99)
	at org.testng.Assert.failNotEquals(Assert.java:1037)
	at org.testng.Assert.assertFalse(Assert.java:67)
	at com.testcase.HomepageTest.logintest_NullDataForUserName_and_Password(HomepageTest.java:122)
	at java.base/jdk.internal.reflect.NativeMethodAccessorImpl.invoke0(Native Method)
	at java.base/jdk.internal.reflect.NativeMethodAccessorImpl.invoke(NativeMethodAccessorImpl.java:77)
	at java.base/jdk.internal.reflect.DelegatingMethodAccessorImpl.invoke(DelegatingMethodAccessorImpl.java:43)
	at java.base/java.lang.reflect.Method.invoke(Method.java:568)
	at org.testng.internal.MethodInvocationHelper.invokeMethod(MethodInvocationHelper.java:133)
	at org.testng.internal.TestInvoker.invokeMethod(TestInvoker.java:598)
	at org.testng.internal.TestInvoker.invokeTestMethod(TestInvoker.java:173)
	at org.testng.internal.MethodRunner.runInSequence(MethodRunner.java:46)
	at org.testng.internal.TestInvoker$MethodInvocationAgent.invoke(TestInvoker.java:824)
	at org.testng.internal.TestInvoker.invokeTestMethods(TestInvoker.java:146)
	at org.testng.internal.TestMethodWorker.invokeTestMethods(TestMethodWorker.java:146)
	at org.testng.internal.TestMethodWorker.run(TestMethodWorker.java:128)
	at java.base/java.util.ArrayList.forEach(ArrayList.java:1511)
	at org.testng.TestRunner.privateRun(TestRunner.java:794)
	at org.testng.TestRunner.run(TestRunner.java:596)
	at org.testng.SuiteRunner.runTest(SuiteRunner.java:377)
	at org.testng.SuiteRunner.runSequentially(SuiteRunner.java:371)
	at org.testng.SuiteRunner.privateRun(SuiteRunner.java:332)
	at org.testng.SuiteRunner.run(SuiteRunner.java:276)
	at org.testng.SuiteRunnerWorker.runSuite(SuiteRunnerWorker.java:53)
	at org.testng.SuiteRunnerWorker.run(SuiteRunnerWorker.java:96)
	at org.testng.TestNG.runSuitesSequentially(TestNG.java:1212)
	at org.testng.TestNG.runSuitesLocally(TestNG.java:1134)
	at org.testng.TestNG.runSuites(TestNG.java:1063)
	at org.testng.TestNG.run(TestNG.java:1031)
	at org.testng.remote.AbstractRemoteTestNG.run(AbstractRemoteTestNG.java:115)
	at org.testng.remote.RemoteTestNG.initAndRun(RemoteTestNG.java:251)
	at org.testng.remote.RemoteTestNG.main(RemoteTestNG.java:77)
</pre></div></td>
<td>0</td>
<td>com.testcase.HomepageTest@69e153c5</td></tr>
</table><p>
<table width='100%' border='1' class='invocation-passed'>
<tr><td colspan='4' align='center'><b>PASSED TESTS</b></td></tr>
<tr><td><b>Test method</b></td>
<td width="30%"><b>Exception</b></td>
<td width="10%"><b>Time (seconds)</b></td>
<td><b>Instance</b></td>
</tr>
<tr>
<td title='com.testcase.HomepageTest.logintest_NullDataForUserName()'><b>logintest_NullDataForUserName</b><br>Test class: com.testcase.HomepageTest<br>Parameters: [Ljava.lang.String;@70ecf57b</td>
<td></td>
<td>0</td>
<td>com.testcase.HomepageTest@69e153c5</td></tr>
<tr>
<td title='com.testcase.HomepageTest.logintest()'><b>logintest</b><br>Test class: com.testcase.HomepageTest<br>Parameters: Mythili, Mythili123</td>
<td></td>
<td>1</td>
<td>com.testcase.HomepageTest@69e153c5</td></tr>
<tr>
<td title='com.testcase.HomepageTest.logintest_NullDataForUserName()'><b>logintest_NullDataForUserName</b><br>Test class: com.testcase.HomepageTest<br>Parameters: [Ljava.lang.String;@4e5364a3</td>
<td></td>
<td>0</td>
<td>com.testcase.HomepageTest@69e153c5</td></tr>
<tr>
<td title='com.testcase.HomepageTest.logintest()'><b>logintest</b><br>Test class: com.testcase.HomepageTest<br>Parameters: Dhana, Dhana123</td>
<td></td>
<td>1</td>
<td>com.testcase.HomepageTest@69e153c5</td></tr>
<tr>
<td title='com.testcase.HomepageTest.logintest_NullDataForPassword()'><b>logintest_NullDataForPassword</b><br>Test class: com.testcase.HomepageTest<br>Parameters: [Ljava.lang.String;@1a336906</td>
<td></td>
<td>0</td>
<td>com.testcase.HomepageTest@69e153c5</td></tr>
<tr>
<td title='com.testcase.HomepageTest.logintest()'><b>logintest</b><br>Test class: com.testcase.HomepageTest<br>Parameters: Mary, Mary123</td>
<td></td>
<td>1</td>
<td>com.testcase.HomepageTest@69e153c5</td></tr>
<tr>
<td title='com.testcase.HomepageTest.logintest_NullDataForUserName()'><b>logintest_NullDataForUserName</b><br>Test class: com.testcase.HomepageTest<br>Parameters: [Ljava.lang.String;@62054faf</td>
<td></td>
<td>0</td>
<td>com.testcase.HomepageTest@69e153c5</td></tr>
<tr>
<td title='com.testcase.HomepageTest.logintest_NullDataForUserName()'><b>logintest_NullDataForUserName</b><br>Test class: com.testcase.HomepageTest<br>Parameters: [Ljava.lang.String;@75d539b9</td>
<td></td>
<td>0</td>
<td>com.testcase.HomepageTest@69e153c5</td></tr>
<tr>
<td title='com.testcase.HomepageTest.logintest_NullDataForPassword()'><b>logintest_NullDataForPassword</b><br>Test class: com.testcase.HomepageTest<br>Parameters: [Ljava.lang.String;@20f63ddc</td>
<td></td>
<td>0</td>
<td>com.testcase.HomepageTest@69e153c5</td></tr>
<tr>
<td title='com.testcase.HomepageTest.logintest_NullDataForPassword()'><b>logintest_NullDataForPassword</b><br>Test class: com.testcase.HomepageTest<br>Parameters: [Ljava.lang.String;@210c1b9d</td>
<td></td>
<td>0</td>
<td>com.testcase.HomepageTest@69e153c5</td></tr>
<tr>
<td title='com.testcase.HomepageTest.logintest()'><b>logintest</b><br>Test class: com.testcase.HomepageTest<br>Parameters: Priya, Priya123</td>
<td></td>
<td>2</td>
<td>com.testcase.HomepageTest@69e153c5</td></tr>
<tr>
<td title='com.testcase.HomepageTest.clicklinkstest()'><b>clicklinkstest</b><br>Test class: com.testcase.HomepageTest</td>
<td></td>
<td>5</td>
<td>com.testcase.HomepageTest@69e153c5</td></tr>
<tr>
<td title='com.testcase.HomepageTest.logintest_NullDataForPassword()'><b>logintest_NullDataForPassword</b><br>Test class: com.testcase.HomepageTest<br>Parameters: [Ljava.lang.String;@69bc4024</td>
<td></td>
<td>0</td>
<td>com.testcase.HomepageTest@69e153c5</td></tr>
<tr>
<td title='com.testcase.HomepageTest.linkisClickable()'><b>linkisClickable</b><br>Test class: com.testcase.HomepageTest</td>
<td></td>
<td>0</td>
<td>com.testcase.HomepageTest@69e153c5</td></tr>
<tr>
<td title='com.testcase.HomepageTest.logintest_NullDataForUserName()'><b>logintest_NullDataForUserName</b><br>Test class: com.testcase.HomepageTest<br>Parameters: [Ljava.lang.String;@3578a45b</td>
<td></td>
<td>0</td>
<td>com.testcase.HomepageTest@69e153c5</td></tr>
<tr>
<td title='com.testcase.HomepageTest.logintest()'><b>logintest</b><br>Test class: com.testcase.HomepageTest<br>Parameters: Revathi, Revathi123</td>
<td></td>
<td>12</td>
<td>com.testcase.HomepageTest@69e153c5</td></tr>
</table><p>
</body>
</html>