<?xml version="1.0" encoding="UTF-8"?>
<!-- Generated by org.testng.reporters.JUnitXMLReporter -->
<testsuite ignored="0" hostname="SenPri" failures="5" tests="47" name="Test" time="120.668" errors="0" timestamp="2023-05-21T10:45:50 EDT">
  <testcase classname="com.testcase.HomepageTest" name="linkisClickable" time="0.443"/>
  <testcase classname="com.testcase.HomepageTest" name="clicklinkstest" time="3.83"/>
  <testcase classname="com.testcase.HomepageTest" name="logintest" time="12.439"/>
  <testcase classname="com.testcase.HomepageTest" name="logintest" time="1.975"/>
  <testcase classname="com.testcase.HomepageTest" name="logintest" time="1.923"/>
  <testcase classname="com.testcase.HomepageTest" name="logintest" time="1.933"/>
  <testcase classname="com.testcase.HomepageTest" name="logintest" time="1.743"/>
  <testcase classname="com.testcase.HomepageTest" name="logintest_NullDataForUserName" time="0.943"/>
  <testcase classname="com.testcase.HomepageTest" name="logintest_NullDataForUserName" time="1.052"/>
  <testcase classname="com.testcase.HomepageTest" name="logintest_NullDataForUserName" time="1.114"/>
  <testcase classname="com.testcase.HomepageTest" name="logintest_NullDataForUserName" time="1.032"/>
  <testcase classname="com.testcase.HomepageTest" name="logintest_NullDataForUserName" time="1.117"/>
  <testcase classname="com.testcase.HomepageTest" name="logintest_NullDataForPassword" time="0.684">
    <failure type="java.lang.AssertionError" message="Testing if null data is accepted for Password in homepage expected [false] but found [true]">
      <![CDATA[java.lang.AssertionError: Testing if null data is accepted for Password in homepage expected [false] but found [true]
at com.testcase.HomepageTest.logintest_NullDataForPassword(HomepageTest.java:104)
at java.base/java.util.ArrayList.forEach(ArrayList.java:1511)
... Removed 30 stack frames]]>
    </failure>
  </testcase> <!-- logintest_NullDataForPassword -->
  <testcase classname="com.testcase.HomepageTest" name="logintest_NullDataForUserName_and_Password" time="1.45">
    <failure type="java.lang.AssertionError" message="Testing whether username and password in Home Page accepts null values expected [false] but found [true]">
      <![CDATA[java.lang.AssertionError: Testing whether username and password in Home Page accepts null values expected [false] but found [true]
at com.testcase.HomepageTest.logintest_NullDataForUserName_and_Password(HomepageTest.java:117)
at java.base/java.util.ArrayList.forEach(ArrayList.java:1511)
... Removed 30 stack frames]]>
    </failure>
  </testcase> <!-- logintest_NullDataForUserName_and_Password -->
  <testcase classname="com.testcase.RegisterTest" name="entercontactdetails" time="0.778"/>
  <testcase classname="com.testcase.RegisterTest" name="entercontactdetails" time="0.556"/>
  <testcase classname="com.testcase.RegisterTest" name="entermailingdetails" time="0.449"/>
  <testcase classname="com.testcase.RegisterTest" name="entermailingdetails" time="0.522"/>
  <testcase classname="com.testcase.RegisterTest" name="enteruserdetails" time="0.248"/>
  <testcase classname="com.testcase.RegisterTest" name="enteruserdetails" time="0.215"/>
  <testcase classname="com.testcase.RegisterTest" name="registrationtest" time="1.697"/>
  <testcase classname="com.testcase.RegisterTest" name="registrationtest" time="1.902"/>
  <testcase classname="com.testcase.RegisterTest" name="registrationtest_Null_Data" time="1.481">
    <failure type="java.lang.AssertionError" message="Testing whether the regitstration datas accepts null values expected [false] but found [true]">
      <![CDATA[java.lang.AssertionError: Testing whether the regitstration datas accepts null values expected [false] but found [true]
at com.testcase.RegisterTest.registrationtest_Null_Data(RegisterTest.java:91)
at java.base/java.util.ArrayList.forEach(ArrayList.java:1511)
... Removed 30 stack frames]]>
    </failure>
  </testcase> <!-- registrationtest_Null_Data -->
  <testcase classname="com.testcase.SignInPageTest" name="logintest_ValidData" time="1.794"/>
  <testcase classname="com.testcase.SignInPageTest" name="logintest_ValidData" time="1.591"/>
  <testcase classname="com.testcase.SignInPageTest" name="logintest_ValidData" time="1.787"/>
  <testcase classname="com.testcase.SignInPageTest" name="logintest_ValidData" time="1.905"/>
  <testcase classname="com.testcase.SignInPageTest" name="logintest_ValidData" time="2.82"/>
  <testcase classname="com.testcase.SignInPageTest" name="logintest_NullDataForUserName" time="1.84"/>
  <testcase classname="com.testcase.SignInPageTest" name="logintest_NullDataForUserName" time="2.601"/>
  <testcase classname="com.testcase.SignInPageTest" name="logintest_NullDataForUserName" time="1.59"/>
  <testcase classname="com.testcase.SignInPageTest" name="logintest_NullDataForUserName" time="2.019"/>
  <testcase classname="com.testcase.SignInPageTest" name="logintest_NullDataForUserName" time="1.874"/>
  <testcase classname="com.testcase.SignInPageTest" name="logintest_NullDataForPassword" time="1.312">
    <failure type="java.lang.AssertionError" message="Testing_if_the_Null_value_for_Password_in_SigninPage_will_be_ACCEPETED expected [false] but found [true]">
      <![CDATA[java.lang.AssertionError: Testing_if_the_Null_value_for_Password_in_SigninPage_will_be_ACCEPETED expected [false] but found [true]
at com.testcase.SignInPageTest.logintest_NullDataForPassword(SignInPageTest.java:76)
at java.base/java.util.ArrayList.forEach(ArrayList.java:1511)
... Removed 30 stack frames]]>
    </failure>
  </testcase> <!-- logintest_NullDataForPassword -->
  <testcase classname="com.testcase.SignInPageTest" name="logintest_NullDataForUserNameAndPassword" time="11.806">
    <failure type="java.lang.AssertionError" message="Testing_if_the_Null_values_for_Username&amp;amp;Password_in_SigninPage_will_be_ACCEPETED expected [false] but found [true]">
      <![CDATA[java.lang.AssertionError: Testing_if_the_Null_values_for_Username&Password_in_SigninPage_will_be_ACCEPETED expected [false] but found [true]
at com.testcase.SignInPageTest.logintest_NullDataForUserNameAndPassword(SignInPageTest.java:87)
at java.base/java.util.ArrayList.forEach(ArrayList.java:1511)
... Removed 30 stack frames]]>
    </failure>
  </testcase> <!-- logintest_NullDataForUserNameAndPassword -->
  <testcase classname="com.testcase.FlightspageTest" name="clicktype" time="0.366"/>
  <testcase classname="com.testcase.FlightspageTest" name="selectpassengercount" time="0.54"/>
  <testcase classname="com.testcase.FlightspageTest" name="selectdepartingfrom" time="1.083"/>
  <testcase classname="com.testcase.FlightspageTest" name="selectonMonth" time="1.076"/>
  <testcase classname="com.testcase.FlightspageTest" name="selectonDay" time="2.566"/>
  <testcase classname="com.testcase.FlightspageTest" name="arrivingIn" time="0.825"/>
  <testcase classname="com.testcase.FlightspageTest" name="selecttoMonth" time="0.995"/>
  <testcase classname="com.testcase.FlightspageTest" name="selecttoDay" time="2.599"/>
  <testcase classname="com.testcase.FlightspageTest" name="selectairline" time="0.316"/>
  <testcase classname="com.testcase.FlightspageTest" name="clickClass" time="0.11"/>
  <testcase classname="com.testcase.FlightspageTest" name="flightdetailstest" time="1.656"/>
  <testcase classname="com.testcase.FlightspageTest" name="flightdetailstest" time="12.316"/>
</testsuite> <!-- Test -->
