<html>
<head>
<title>TestNG:  Test</title>
<link href="../testng.css" rel="stylesheet" type="text/css" />
<link href="../my-testng.css" rel="stylesheet" type="text/css" />

<style type="text/css">
.log { display: none;} 
.stack-trace { display: none;} 
</style>
<script type="text/javascript">
<!--
function flip(e) {
  current = e.style.display;
  if (current == 'block') {
    e.style.display = 'none';
    return 0;
  }
  else {
    e.style.display = 'block';
    return 1;
  }
}

function toggleBox(szDivId, elem, msg1, msg2)
{
  var res = -1;  if (document.getElementById) {
    res = flip(document.getElementById(szDivId));
  }
  else if (document.all) {
    // this is the way old msie versions work
    res = flip(document.all[szDivId]);
  }
  if(elem) {
    if(res == 0) elem.innerHTML = msg1; else elem.innerHTML = msg2;
  }

}

function toggleAllBoxes() {
  if (document.getElementsByTagName) {
    d = document.getElementsByTagName('div');
    for (i = 0; i < d.length; i++) {
      if (d[i].className == 'log') {
        flip(d[i]);
      }
    }
  }
}

// -->
</script>

</head>
<body>
<h2 align='center'>Test</h2><table border='1' align="center">
<tr>
<td>Tests passed/Failed/Skipped:</td><td>42/5/0</td>
</tr><tr>
<td>Started on:</td><td>Sun May 21 10:43:49 EDT 2023</td>
</tr>
<tr><td>Total time:</td><td>120 seconds (120668 ms)</td>
</tr><tr>
<td>Included groups:</td><td></td>
</tr><tr>
<td>Excluded groups:</td><td></td>
</tr>
</table><p/>
<small><i>(Hover the method name to see the test class name)</i></small><p/>
<table width='100%' border='1' class='invocation-failed'>
<tr><td colspan='4' align='center'><b>FAILED TESTS</b></td></tr>
<tr><td><b>Test method</b></td>
<td width="30%"><b>Exception</b></td>
<td width="10%"><b>Time (seconds)</b></td>
<td><b>Instance</b></td>
</tr>
<tr>
<td title='com.testcase.SignInPageTest.logintest_NullDataForPassword()'><b>logintest_NullDataForPassword</b><br>Test class: com.testcase.SignInPageTest</td>
<td><div><pre>java.lang.AssertionError: Testing_if_the_Null_value_for_Password_in_SigninPage_will_be_ACCEPETED expected [false] but found [true]
	at com.testcase.SignInPageTest.logintest_NullDataForPassword(SignInPageTest.java:76)
	at java.base/java.util.ArrayList.forEach(ArrayList.java:1511)
... Removed 30 stack frames</pre></div><a href='#' onClick='toggleBox("stack-trace1640037138", this, "Click to show all stack frames", "Click to hide stack frames")'>Click to show all stack frames</a>
<div class='stack-trace' id='stack-trace1640037138'><pre>java.lang.AssertionError: Testing_if_the_Null_value_for_Password_in_SigninPage_will_be_ACCEPETED expected [false] but found [true]
	at org.testng.Assert.fail(Assert.java:99)
	at org.testng.Assert.failNotEquals(Assert.java:1037)
	at org.testng.Assert.assertFalse(Assert.java:67)
	at com.testcase.SignInPageTest.logintest_NullDataForPassword(SignInPageTest.java:76)
	at java.base/jdk.internal.reflect.NativeMethodAccessorImpl.invoke0(Native Method)
	at java.base/jdk.internal.reflect.NativeMethodAccessorImpl.invoke(NativeMethodAccessorImpl.java:77)
	at java.base/jdk.internal.reflect.DelegatingMethodAccessorImpl.invoke(DelegatingMethodAccessorImpl.java:43)
	at java.base/java.lang.reflect.Method.invoke(Method.java:568)
	at org.testng.internal.MethodInvocationHelper.invokeMethod(MethodInvocationHelper.java:133)
	at org.testng.internal.TestInvoker.invokeMethod(TestInvoker.java:598)
	at org.testng.internal.TestInvoker.invokeTestMethod(TestInvoker.java:173)
	at org.testng.internal.MethodRunner.runInSequence(MethodRunner.java:46)
	at org.testng.internal.TestInvoker$MethodInvocationAgent.invoke(TestInvoker.java:824)
	at org.testng.internal.TestInvoker.invokeTestMethods(TestInvoker.java:146)
	at org.testng.internal.TestMethodWorker.invokeTestMethods(TestMethodWorker.java:146)
	at org.testng.internal.TestMethodWorker.run(TestMethodWorker.java:128)
	at java.base/java.util.ArrayList.forEach(ArrayList.java:1511)
	at org.testng.TestRunner.privateRun(TestRunner.java:794)
	at org.testng.TestRunner.run(TestRunner.java:596)
	at org.testng.SuiteRunner.runTest(SuiteRunner.java:377)
	at org.testng.SuiteRunner.runSequentially(SuiteRunner.java:371)
	at org.testng.SuiteRunner.privateRun(SuiteRunner.java:332)
	at org.testng.SuiteRunner.run(SuiteRunner.java:276)
	at org.testng.SuiteRunnerWorker.runSuite(SuiteRunnerWorker.java:53)
	at org.testng.SuiteRunnerWorker.run(SuiteRunnerWorker.java:96)
	at org.testng.TestNG.runSuitesSequentially(TestNG.java:1212)
	at org.testng.TestNG.runSuitesLocally(TestNG.java:1134)
	at org.testng.TestNG.runSuites(TestNG.java:1063)
	at org.testng.TestNG.run(TestNG.java:1031)
	at org.testng.remote.AbstractRemoteTestNG.run(AbstractRemoteTestNG.java:115)
	at org.testng.remote.RemoteTestNG.initAndRun(RemoteTestNG.java:251)
	at org.testng.remote.RemoteTestNG.main(RemoteTestNG.java:77)
</pre></div></td>
<td>1</td>
<td>com.testcase.SignInPageTest@712625fd</td></tr>
<tr>
<td title='com.testcase.HomepageTest.logintest_NullDataForPassword()'><b>logintest_NullDataForPassword</b><br>Test class: com.testcase.HomepageTest</td>
<td><div><pre>java.lang.AssertionError: Testing if null data is accepted for Password in homepage expected [false] but found [true]
	at com.testcase.HomepageTest.logintest_NullDataForPassword(HomepageTest.java:104)
	at java.base/java.util.ArrayList.forEach(ArrayList.java:1511)
... Removed 30 stack frames</pre></div><a href='#' onClick='toggleBox("stack-trace1090123277", this, "Click to show all stack frames", "Click to hide stack frames")'>Click to show all stack frames</a>
<div class='stack-trace' id='stack-trace1090123277'><pre>java.lang.AssertionError: Testing if null data is accepted for Password in homepage expected [false] but found [true]
	at org.testng.Assert.fail(Assert.java:99)
	at org.testng.Assert.failNotEquals(Assert.java:1037)
	at org.testng.Assert.assertFalse(Assert.java:67)
	at com.testcase.HomepageTest.logintest_NullDataForPassword(HomepageTest.java:104)
	at java.base/jdk.internal.reflect.NativeMethodAccessorImpl.invoke0(Native Method)
	at java.base/jdk.internal.reflect.NativeMethodAccessorImpl.invoke(NativeMethodAccessorImpl.java:77)
	at java.base/jdk.internal.reflect.DelegatingMethodAccessorImpl.invoke(DelegatingMethodAccessorImpl.java:43)
	at java.base/java.lang.reflect.Method.invoke(Method.java:568)
	at org.testng.internal.MethodInvocationHelper.invokeMethod(MethodInvocationHelper.java:133)
	at org.testng.internal.TestInvoker.invokeMethod(TestInvoker.java:598)
	at org.testng.internal.TestInvoker.invokeTestMethod(TestInvoker.java:173)
	at org.testng.internal.MethodRunner.runInSequence(MethodRunner.java:46)
	at org.testng.internal.TestInvoker$MethodInvocationAgent.invoke(TestInvoker.java:824)
	at org.testng.internal.TestInvoker.invokeTestMethods(TestInvoker.java:146)
	at org.testng.internal.TestMethodWorker.invokeTestMethods(TestMethodWorker.java:146)
	at org.testng.internal.TestMethodWorker.run(TestMethodWorker.java:128)
	at java.base/java.util.ArrayList.forEach(ArrayList.java:1511)
	at org.testng.TestRunner.privateRun(TestRunner.java:794)
	at org.testng.TestRunner.run(TestRunner.java:596)
	at org.testng.SuiteRunner.runTest(SuiteRunner.java:377)
	at org.testng.SuiteRunner.runSequentially(SuiteRunner.java:371)
	at org.testng.SuiteRunner.privateRun(SuiteRunner.java:332)
	at org.testng.SuiteRunner.run(SuiteRunner.java:276)
	at org.testng.SuiteRunnerWorker.runSuite(SuiteRunnerWorker.java:53)
	at org.testng.SuiteRunnerWorker.run(SuiteRunnerWorker.java:96)
	at org.testng.TestNG.runSuitesSequentially(TestNG.java:1212)
	at org.testng.TestNG.runSuitesLocally(TestNG.java:1134)
	at org.testng.TestNG.runSuites(TestNG.java:1063)
	at org.testng.TestNG.run(TestNG.java:1031)
	at org.testng.remote.AbstractRemoteTestNG.run(AbstractRemoteTestNG.java:115)
	at org.testng.remote.RemoteTestNG.initAndRun(RemoteTestNG.java:251)
	at org.testng.remote.RemoteTestNG.main(RemoteTestNG.java:77)
</pre></div></td>
<td>0</td>
<td>com.testcase.HomepageTest@19e4653c</td></tr>
<tr>
<td title='com.testcase.HomepageTest.logintest_NullDataForUserName_and_Password()'><b>logintest_NullDataForUserName_and_Password</b><br>Test class: com.testcase.HomepageTest</td>
<td><div><pre>java.lang.AssertionError: Testing whether username and password in Home Page accepts null values expected [false] but found [true]
	at com.testcase.HomepageTest.logintest_NullDataForUserName_and_Password(HomepageTest.java:117)
	at java.base/java.util.ArrayList.forEach(ArrayList.java:1511)
... Removed 30 stack frames</pre></div><a href='#' onClick='toggleBox("stack-trace1281743075", this, "Click to show all stack frames", "Click to hide stack frames")'>Click to show all stack frames</a>
<div class='stack-trace' id='stack-trace1281743075'><pre>java.lang.AssertionError: Testing whether username and password in Home Page accepts null values expected [false] but found [true]
	at org.testng.Assert.fail(Assert.java:99)
	at org.testng.Assert.failNotEquals(Assert.java:1037)
	at org.testng.Assert.assertFalse(Assert.java:67)
	at com.testcase.HomepageTest.logintest_NullDataForUserName_and_Password(HomepageTest.java:117)
	at java.base/jdk.internal.reflect.NativeMethodAccessorImpl.invoke0(Native Method)
	at java.base/jdk.internal.reflect.NativeMethodAccessorImpl.invoke(NativeMethodAccessorImpl.java:77)
	at java.base/jdk.internal.reflect.DelegatingMethodAccessorImpl.invoke(DelegatingMethodAccessorImpl.java:43)
	at java.base/java.lang.reflect.Method.invoke(Method.java:568)
	at org.testng.internal.MethodInvocationHelper.invokeMethod(MethodInvocationHelper.java:133)
	at org.testng.internal.TestInvoker.invokeMethod(TestInvoker.java:598)
	at org.testng.internal.TestInvoker.invokeTestMethod(TestInvoker.java:173)
	at org.testng.internal.MethodRunner.runInSequence(MethodRunner.java:46)
	at org.testng.internal.TestInvoker$MethodInvocationAgent.invoke(TestInvoker.java:824)
	at org.testng.internal.TestInvoker.invokeTestMethods(TestInvoker.java:146)
	at org.testng.internal.TestMethodWorker.invokeTestMethods(TestMethodWorker.java:146)
	at org.testng.internal.TestMethodWorker.run(TestMethodWorker.java:128)
	at java.base/java.util.ArrayList.forEach(ArrayList.java:1511)
	at org.testng.TestRunner.privateRun(TestRunner.java:794)
	at org.testng.TestRunner.run(TestRunner.java:596)
	at org.testng.SuiteRunner.runTest(SuiteRunner.java:377)
	at org.testng.SuiteRunner.runSequentially(SuiteRunner.java:371)
	at org.testng.SuiteRunner.privateRun(SuiteRunner.java:332)
	at org.testng.SuiteRunner.run(SuiteRunner.java:276)
	at org.testng.SuiteRunnerWorker.runSuite(SuiteRunnerWorker.java:53)
	at org.testng.SuiteRunnerWorker.run(SuiteRunnerWorker.java:96)
	at org.testng.TestNG.runSuitesSequentially(TestNG.java:1212)
	at org.testng.TestNG.runSuitesLocally(TestNG.java:1134)
	at org.testng.TestNG.runSuites(TestNG.java:1063)
	at org.testng.TestNG.run(TestNG.java:1031)
	at org.testng.remote.AbstractRemoteTestNG.run(AbstractRemoteTestNG.java:115)
	at org.testng.remote.RemoteTestNG.initAndRun(RemoteTestNG.java:251)
	at org.testng.remote.RemoteTestNG.main(RemoteTestNG.java:77)
</pre></div></td>
<td>1</td>
<td>com.testcase.HomepageTest@19e4653c</td></tr>
<tr>
<td title='com.testcase.SignInPageTest.logintest_NullDataForUserNameAndPassword()'><b>logintest_NullDataForUserNameAndPassword</b><br>Test class: com.testcase.SignInPageTest</td>
<td><div><pre>java.lang.AssertionError: Testing_if_the_Null_values_for_Username&amp;Password_in_SigninPage_will_be_ACCEPETED expected [false] but found [true]
	at com.testcase.SignInPageTest.logintest_NullDataForUserNameAndPassword(SignInPageTest.java:87)
	at java.base/java.util.ArrayList.forEach(ArrayList.java:1511)
... Removed 30 stack frames</pre></div><a href='#' onClick='toggleBox("stack-trace1872257073", this, "Click to show all stack frames", "Click to hide stack frames")'>Click to show all stack frames</a>
<div class='stack-trace' id='stack-trace1872257073'><pre>java.lang.AssertionError: Testing_if_the_Null_values_for_Username&amp;Password_in_SigninPage_will_be_ACCEPETED expected [false] but found [true]
	at org.testng.Assert.fail(Assert.java:99)
	at org.testng.Assert.failNotEquals(Assert.java:1037)
	at org.testng.Assert.assertFalse(Assert.java:67)
	at com.testcase.SignInPageTest.logintest_NullDataForUserNameAndPassword(SignInPageTest.java:87)
	at java.base/jdk.internal.reflect.NativeMethodAccessorImpl.invoke0(Native Method)
	at java.base/jdk.internal.reflect.NativeMethodAccessorImpl.invoke(NativeMethodAccessorImpl.java:77)
	at java.base/jdk.internal.reflect.DelegatingMethodAccessorImpl.invoke(DelegatingMethodAccessorImpl.java:43)
	at java.base/java.lang.reflect.Method.invoke(Method.java:568)
	at org.testng.internal.MethodInvocationHelper.invokeMethod(MethodInvocationHelper.java:133)
	at org.testng.internal.TestInvoker.invokeMethod(TestInvoker.java:598)
	at org.testng.internal.TestInvoker.invokeTestMethod(TestInvoker.java:173)
	at org.testng.internal.MethodRunner.runInSequence(MethodRunner.java:46)
	at org.testng.internal.TestInvoker$MethodInvocationAgent.invoke(TestInvoker.java:824)
	at org.testng.internal.TestInvoker.invokeTestMethods(TestInvoker.java:146)
	at org.testng.internal.TestMethodWorker.invokeTestMethods(TestMethodWorker.java:146)
	at org.testng.internal.TestMethodWorker.run(TestMethodWorker.java:128)
	at java.base/java.util.ArrayList.forEach(ArrayList.java:1511)
	at org.testng.TestRunner.privateRun(TestRunner.java:794)
	at org.testng.TestRunner.run(TestRunner.java:596)
	at org.testng.SuiteRunner.runTest(SuiteRunner.java:377)
	at org.testng.SuiteRunner.runSequentially(SuiteRunner.java:371)
	at org.testng.SuiteRunner.privateRun(SuiteRunner.java:332)
	at org.testng.SuiteRunner.run(SuiteRunner.java:276)
	at org.testng.SuiteRunnerWorker.runSuite(SuiteRunnerWorker.java:53)
	at org.testng.SuiteRunnerWorker.run(SuiteRunnerWorker.java:96)
	at org.testng.TestNG.runSuitesSequentially(TestNG.java:1212)
	at org.testng.TestNG.runSuitesLocally(TestNG.java:1134)
	at org.testng.TestNG.runSuites(TestNG.java:1063)
	at org.testng.TestNG.run(TestNG.java:1031)
	at org.testng.remote.AbstractRemoteTestNG.run(AbstractRemoteTestNG.java:115)
	at org.testng.remote.RemoteTestNG.initAndRun(RemoteTestNG.java:251)
	at org.testng.remote.RemoteTestNG.main(RemoteTestNG.java:77)
</pre></div></td>
<td>11</td>
<td>com.testcase.SignInPageTest@712625fd</td></tr>
<tr>
<td title='com.testcase.RegisterTest.registrationtest_Null_Data()'><b>registrationtest_Null_Data</b><br>Test class: com.testcase.RegisterTest</td>
<td><div><pre>java.lang.AssertionError: Testing whether the regitstration datas accepts null values expected [false] but found [true]
	at com.testcase.RegisterTest.registrationtest_Null_Data(RegisterTest.java:91)
	at java.base/java.util.ArrayList.forEach(ArrayList.java:1511)
... Removed 30 stack frames</pre></div><a href='#' onClick='toggleBox("stack-trace261935590", this, "Click to show all stack frames", "Click to hide stack frames")'>Click to show all stack frames</a>
<div class='stack-trace' id='stack-trace261935590'><pre>java.lang.AssertionError: Testing whether the regitstration datas accepts null values expected [false] but found [true]
	at org.testng.Assert.fail(Assert.java:99)
	at org.testng.Assert.failNotEquals(Assert.java:1037)
	at org.testng.Assert.assertFalse(Assert.java:67)
	at com.testcase.RegisterTest.registrationtest_Null_Data(RegisterTest.java:91)
	at java.base/jdk.internal.reflect.NativeMethodAccessorImpl.invoke0(Native Method)
	at java.base/jdk.internal.reflect.NativeMethodAccessorImpl.invoke(NativeMethodAccessorImpl.java:77)
	at java.base/jdk.internal.reflect.DelegatingMethodAccessorImpl.invoke(DelegatingMethodAccessorImpl.java:43)
	at java.base/java.lang.reflect.Method.invoke(Method.java:568)
	at org.testng.internal.MethodInvocationHelper.invokeMethod(MethodInvocationHelper.java:133)
	at org.testng.internal.TestInvoker.invokeMethod(TestInvoker.java:598)
	at org.testng.internal.TestInvoker.invokeTestMethod(TestInvoker.java:173)
	at org.testng.internal.MethodRunner.runInSequence(MethodRunner.java:46)
	at org.testng.internal.TestInvoker$MethodInvocationAgent.invoke(TestInvoker.java:824)
	at org.testng.internal.TestInvoker.invokeTestMethods(TestInvoker.java:146)
	at org.testng.internal.TestMethodWorker.invokeTestMethods(TestMethodWorker.java:146)
	at org.testng.internal.TestMethodWorker.run(TestMethodWorker.java:128)
	at java.base/java.util.ArrayList.forEach(ArrayList.java:1511)
	at org.testng.TestRunner.privateRun(TestRunner.java:794)
	at org.testng.TestRunner.run(TestRunner.java:596)
	at org.testng.SuiteRunner.runTest(SuiteRunner.java:377)
	at org.testng.SuiteRunner.runSequentially(SuiteRunner.java:371)
	at org.testng.SuiteRunner.privateRun(SuiteRunner.java:332)
	at org.testng.SuiteRunner.run(SuiteRunner.java:276)
	at org.testng.SuiteRunnerWorker.runSuite(SuiteRunnerWorker.java:53)
	at org.testng.SuiteRunnerWorker.run(SuiteRunnerWorker.java:96)
	at org.testng.TestNG.runSuitesSequentially(TestNG.java:1212)
	at org.testng.TestNG.runSuitesLocally(TestNG.java:1134)
	at org.testng.TestNG.runSuites(TestNG.java:1063)
	at org.testng.TestNG.run(TestNG.java:1031)
	at org.testng.remote.AbstractRemoteTestNG.run(AbstractRemoteTestNG.java:115)
	at org.testng.remote.RemoteTestNG.initAndRun(RemoteTestNG.java:251)
	at org.testng.remote.RemoteTestNG.main(RemoteTestNG.java:77)
</pre></div></td>
<td>1</td>
<td>com.testcase.RegisterTest@33065d67</td></tr>
</table><p>
<table width='100%' border='1' class='invocation-passed'>
<tr><td colspan='4' align='center'><b>PASSED TESTS</b></td></tr>
<tr><td><b>Test method</b></td>
<td width="30%"><b>Exception</b></td>
<td width="10%"><b>Time (seconds)</b></td>
<td><b>Instance</b></td>
</tr>
<tr>
<td title='com.testcase.RegisterTest.entercontactdetails()'><b>entercontactdetails</b><br>Test class: com.testcase.RegisterTest<br>Parameters: [Ljava.lang.String;@2b009051</td>
<td></td>
<td>0</td>
<td>com.testcase.RegisterTest@33065d67</td></tr>
<tr>
<td title='com.testcase.SignInPageTest.logintest_ValidData()'><b>logintest_ValidData</b><br>Test class: com.testcase.SignInPageTest<br>Parameters: Dhana, Dhana123</td>
<td></td>
<td>1</td>
<td>com.testcase.SignInPageTest@712625fd</td></tr>
<tr>
<td title='com.testcase.FlightspageTest.selectdepartingfrom()'><b>selectdepartingfrom</b><br>Test class: com.testcase.FlightspageTest</td>
<td></td>
<td>1</td>
<td>com.testcase.FlightspageTest@7bba5817</td></tr>
<tr>
<td title='com.testcase.SignInPageTest.logintest_ValidData()'><b>logintest_ValidData</b><br>Test class: com.testcase.SignInPageTest<br>Parameters: Mythili, Mythili123</td>
<td></td>
<td>2</td>
<td>com.testcase.SignInPageTest@712625fd</td></tr>
<tr>
<td title='com.testcase.SignInPageTest.logintest_NullDataForUserName()'><b>logintest_NullDataForUserName</b><br>Test class: com.testcase.SignInPageTest<br>Parameters: [Ljava.lang.String;@35645453</td>
<td></td>
<td>2</td>
<td>com.testcase.SignInPageTest@712625fd</td></tr>
<tr>
<td title='com.testcase.FlightspageTest.flightdetailstest()'><b>flightdetailstest</b><br>Test class: com.testcase.FlightspageTest<br>Parameters: [Ljava.lang.String;@454056b</td>
<td></td>
<td>12</td>
<td>com.testcase.FlightspageTest@7bba5817</td></tr>
<tr>
<td title='com.testcase.HomepageTest.logintest()'><b>logintest</b><br>Test class: com.testcase.HomepageTest<br>Parameters: Mary, Mary123</td>
<td></td>
<td>1</td>
<td>com.testcase.HomepageTest@19e4653c</td></tr>
<tr>
<td title='com.testcase.HomepageTest.logintest_NullDataForUserName()'><b>logintest_NullDataForUserName</b><br>Test class: com.testcase.HomepageTest<br>Parameters: [Ljava.lang.String;@2a882681</td>
<td></td>
<td>1</td>
<td>com.testcase.HomepageTest@19e4653c</td></tr>
<tr>
<td title='com.testcase.SignInPageTest.logintest_ValidData()'><b>logintest_ValidData</b><br>Test class: com.testcase.SignInPageTest<br>Parameters: Priya, Priya123</td>
<td></td>
<td>1</td>
<td>com.testcase.SignInPageTest@712625fd</td></tr>
<tr>
<td title='com.testcase.RegisterTest.enteruserdetails()'><b>enteruserdetails</b><br>Test class: com.testcase.RegisterTest<br>Parameters: [Ljava.lang.String;@525b999</td>
<td></td>
<td>0</td>
<td>com.testcase.RegisterTest@33065d67</td></tr>
<tr>
<td title='com.testcase.HomepageTest.logintest()'><b>logintest</b><br>Test class: com.testcase.HomepageTest<br>Parameters: Priya, Priya123</td>
<td></td>
<td>1</td>
<td>com.testcase.HomepageTest@19e4653c</td></tr>
<tr>
<td title='com.testcase.FlightspageTest.arrivingIn()'><b>arrivingIn</b><br>Test class: com.testcase.FlightspageTest</td>
<td></td>
<td>0</td>
<td>com.testcase.FlightspageTest@7bba5817</td></tr>
<tr>
<td title='com.testcase.HomepageTest.logintest_NullDataForUserName()'><b>logintest_NullDataForUserName</b><br>Test class: com.testcase.HomepageTest<br>Parameters: [Ljava.lang.String;@12f4b3a2</td>
<td></td>
<td>1</td>
<td>com.testcase.HomepageTest@19e4653c</td></tr>
<tr>
<td title='com.testcase.FlightspageTest.selectonDay()'><b>selectonDay</b><br>Test class: com.testcase.FlightspageTest</td>
<td></td>
<td>2</td>
<td>com.testcase.FlightspageTest@7bba5817</td></tr>
<tr>
<td title='com.testcase.FlightspageTest.selecttoDay()'><b>selecttoDay</b><br>Test class: com.testcase.FlightspageTest</td>
<td></td>
<td>2</td>
<td>com.testcase.FlightspageTest@7bba5817</td></tr>
<tr>
<td title='com.testcase.RegisterTest.entermailingdetails()'><b>entermailingdetails</b><br>Test class: com.testcase.RegisterTest<br>Parameters: [Ljava.lang.String;@36af93ca</td>
<td></td>
<td>0</td>
<td>com.testcase.RegisterTest@33065d67</td></tr>
<tr>
<td title='com.testcase.HomepageTest.logintest()'><b>logintest</b><br>Test class: com.testcase.HomepageTest<br>Parameters: Dhana, Dhana123</td>
<td></td>
<td>1</td>
<td>com.testcase.HomepageTest@19e4653c</td></tr>
<tr>
<td title='com.testcase.SignInPageTest.logintest_ValidData()'><b>logintest_ValidData</b><br>Test class: com.testcase.SignInPageTest<br>Parameters: Revathi, Revathi123</td>
<td></td>
<td>1</td>
<td>com.testcase.SignInPageTest@712625fd</td></tr>
<tr>
<td title='com.testcase.HomepageTest.logintest()'><b>logintest</b><br>Test class: com.testcase.HomepageTest<br>Parameters: Mythili, Mythili123</td>
<td></td>
<td>1</td>
<td>com.testcase.HomepageTest@19e4653c</td></tr>
<tr>
<td title='com.testcase.HomepageTest.logintest_NullDataForUserName()'><b>logintest_NullDataForUserName</b><br>Test class: com.testcase.HomepageTest<br>Parameters: [Ljava.lang.String;@5d7807b0</td>
<td></td>
<td>1</td>
<td>com.testcase.HomepageTest@19e4653c</td></tr>
<tr>
<td title='com.testcase.HomepageTest.clicklinkstest()'><b>clicklinkstest</b><br>Test class: com.testcase.HomepageTest</td>
<td></td>
<td>3</td>
<td>com.testcase.HomepageTest@19e4653c</td></tr>
<tr>
<td title='com.testcase.RegisterTest.registrationtest()'><b>registrationtest</b><br>Test class: com.testcase.RegisterTest<br>Parameters: [Ljava.lang.String;@75b994f7</td>
<td></td>
<td>1</td>
<td>com.testcase.RegisterTest@33065d67</td></tr>
<tr>
<td title='com.testcase.RegisterTest.entercontactdetails()'><b>entercontactdetails</b><br>Test class: com.testcase.RegisterTest<br>Parameters: [Ljava.lang.String;@42675041</td>
<td></td>
<td>0</td>
<td>com.testcase.RegisterTest@33065d67</td></tr>
<tr>
<td title='com.testcase.RegisterTest.registrationtest()'><b>registrationtest</b><br>Test class: com.testcase.RegisterTest<br>Parameters: [Ljava.lang.String;@81cba04</td>
<td></td>
<td>1</td>
<td>com.testcase.RegisterTest@33065d67</td></tr>
<tr>
<td title='com.testcase.FlightspageTest.selectpassengercount()'><b>selectpassengercount</b><br>Test class: com.testcase.FlightspageTest</td>
<td></td>
<td>0</td>
<td>com.testcase.FlightspageTest@7bba5817</td></tr>
<tr>
<td title='com.testcase.SignInPageTest.logintest_NullDataForUserName()'><b>logintest_NullDataForUserName</b><br>Test class: com.testcase.SignInPageTest<br>Parameters: [Ljava.lang.String;@15c46930</td>
<td></td>
<td>2</td>
<td>com.testcase.SignInPageTest@712625fd</td></tr>
<tr>
<td title='com.testcase.FlightspageTest.flightdetailstest()'><b>flightdetailstest</b><br>Test class: com.testcase.FlightspageTest<br>Parameters: [Ljava.lang.String;@2c635953</td>
<td></td>
<td>1</td>
<td>com.testcase.FlightspageTest@7bba5817</td></tr>
<tr>
<td title='com.testcase.SignInPageTest.logintest_NullDataForUserName()'><b>logintest_NullDataForUserName</b><br>Test class: com.testcase.SignInPageTest<br>Parameters: [Ljava.lang.String;@547ef1c6</td>
<td></td>
<td>1</td>
<td>com.testcase.SignInPageTest@712625fd</td></tr>
<tr>
<td title='com.testcase.RegisterTest.entermailingdetails()'><b>entermailingdetails</b><br>Test class: com.testcase.RegisterTest<br>Parameters: [Ljava.lang.String;@39dfadd7</td>
<td></td>
<td>0</td>
<td>com.testcase.RegisterTest@33065d67</td></tr>
<tr>
<td title='com.testcase.FlightspageTest.clicktype()'><b>clicktype</b><br>Test class: com.testcase.FlightspageTest</td>
<td></td>
<td>0</td>
<td>com.testcase.FlightspageTest@7bba5817</td></tr>
<tr>
<td title='com.testcase.FlightspageTest.selecttoMonth()'><b>selecttoMonth</b><br>Test class: com.testcase.FlightspageTest</td>
<td></td>
<td>0</td>
<td>com.testcase.FlightspageTest@7bba5817</td></tr>
<tr>
<td title='com.testcase.HomepageTest.logintest()'><b>logintest</b><br>Test class: com.testcase.HomepageTest<br>Parameters: Revathi, Revathi123</td>
<td></td>
<td>12</td>
<td>com.testcase.HomepageTest@19e4653c</td></tr>
<tr>
<td title='com.testcase.SignInPageTest.logintest_NullDataForUserName()'><b>logintest_NullDataForUserName</b><br>Test class: com.testcase.SignInPageTest<br>Parameters: [Ljava.lang.String;@f64ce35</td>
<td></td>
<td>1</td>
<td>com.testcase.SignInPageTest@712625fd</td></tr>
<tr>
<td title='com.testcase.RegisterTest.enteruserdetails()'><b>enteruserdetails</b><br>Test class: com.testcase.RegisterTest<br>Parameters: [Ljava.lang.String;@397ba74b</td>
<td></td>
<td>0</td>
<td>com.testcase.RegisterTest@33065d67</td></tr>
<tr>
<td title='com.testcase.FlightspageTest.selectairline()'><b>selectairline</b><br>Test class: com.testcase.FlightspageTest</td>
<td></td>
<td>0</td>
<td>com.testcase.FlightspageTest@7bba5817</td></tr>
<tr>
<td title='com.testcase.SignInPageTest.logintest_NullDataForUserName()'><b>logintest_NullDataForUserName</b><br>Test class: com.testcase.SignInPageTest<br>Parameters: [Ljava.lang.String;@1a288163</td>
<td></td>
<td>1</td>
<td>com.testcase.SignInPageTest@712625fd</td></tr>
<tr>
<td title='com.testcase.HomepageTest.logintest_NullDataForUserName()'><b>logintest_NullDataForUserName</b><br>Test class: com.testcase.HomepageTest<br>Parameters: [Ljava.lang.String;@5e5d26e4</td>
<td></td>
<td>1</td>
<td>com.testcase.HomepageTest@19e4653c</td></tr>
<tr>
<td title='com.testcase.FlightspageTest.clickClass()'><b>clickClass</b><br>Test class: com.testcase.FlightspageTest</td>
<td></td>
<td>0</td>
<td>com.testcase.FlightspageTest@7bba5817</td></tr>
<tr>
<td title='com.testcase.HomepageTest.linkisClickable()'><b>linkisClickable</b><br>Test class: com.testcase.HomepageTest</td>
<td></td>
<td>0</td>
<td>com.testcase.HomepageTest@19e4653c</td></tr>
<tr>
<td title='com.testcase.SignInPageTest.logintest_ValidData()'><b>logintest_ValidData</b><br>Test class: com.testcase.SignInPageTest<br>Parameters: Mary, Mary123</td>
<td></td>
<td>1</td>
<td>com.testcase.SignInPageTest@712625fd</td></tr>
<tr>
<td title='com.testcase.FlightspageTest.selectonMonth()'><b>selectonMonth</b><br>Test class: com.testcase.FlightspageTest</td>
<td></td>
<td>1</td>
<td>com.testcase.FlightspageTest@7bba5817</td></tr>
<tr>
<td title='com.testcase.HomepageTest.logintest_NullDataForUserName()'><b>logintest_NullDataForUserName</b><br>Test class: com.testcase.HomepageTest<br>Parameters: [Ljava.lang.String;@77614e7c</td>
<td></td>
<td>0</td>
<td>com.testcase.HomepageTest@19e4653c</td></tr>
</table><p>
</body>
</html>