<!DOCTYPE html PUBLIC "-//W3C//DTD XHTML 1.1//EN" "https://www.w3.org/TR/xhtml11/DTD/xhtml11.dtd">
<html xmlns="https://www.w3.org/1999/xhtml">
<head>
<meta http-equiv="content-type" content="text/html; charset=UTF-8"/>
<title>TestNG Report</title>
<style type="text/css">table {margin-bottom:10px;border-collapse:collapse;empty-cells:show}th,td {border:1px solid #009;padding:.25em .5em}th {vertical-align:bottom}td {vertical-align:top}table a {font-weight:bold}.stripe td {background-color: #E6EBF9}.num {text-align:right}.passedodd td {background-color: #3F3}.passedeven td {background-color: #0A0}.skippedodd td {background-color: #DDD}.skippedeven td {background-color: #CCC}.failedodd td,.attn {background-color: #F33}.failedeven td,.stripe .attn {background-color: #D00}.stacktrace {white-space:pre;font-family:monospace}.totop {font-size:85%;text-align:center;border-bottom:2px solid #000}.invisible {display:none}</style>
</head>
<body>
<table>
<tr><th>Test</th><th># Passed</th><th># Skipped</th><th># Retried</th><th># Failed</th><th>Time (ms)</th><th>Included Groups</th><th>Excluded Groups</th></tr>
<tr><th colspan="8">Default suite</th></tr>
<tr><td><a href="#t0">Default test</a></td><td class="num">16</td><td class="num">0</td><td class="num">0</td><td class="num attn">2</td><td class="num">40,397</td><td></td><td></td></tr>
</table>
<table id='summary'><thead><tr><th>Class</th><th>Method</th><th>Start</th><th>Time (ms)</th></tr></thead><tbody><tr><th colspan="4">Default suite</th></tr></tbody><tbody id="t0"><tr><th colspan="4">Default test &#8212; failed</th></tr><tr class="failedeven"><td rowspan="2">com.testcase.HomepageTest</td><td><a href="#m0">logintest_NullDataForPassword</a></td><td rowspan="1">1684683498807</td><td rowspan="1">1125</td></tr><tr class="failedeven"><td><a href="#m1">logintest_NullDataForUserName_and_Password</a></td><td rowspan="1">1684683502194</td><td rowspan="1">758</td></tr><tr><th colspan="4">Default test &#8212; passed</th></tr><tr class="passedeven"><td rowspan="16">com.testcase.HomepageTest</td><td><a href="#m2">clicklinkstest</a></td><td rowspan="1">1684683468306</td><td rowspan="1">5496</td></tr><tr class="passedeven"><td><a href="#m3">linkisClickable</a></td><td rowspan="1">1684683467824</td><td rowspan="1">473</td></tr><tr class="passedeven"><td><a href="#m4">logintest</a></td><td rowspan="5">1684683493172</td><td rowspan="5">1907</td></tr><tr class="passedeven"><td><a href="#m5">logintest</a></td></tr><tr class="passedeven"><td><a href="#m6">logintest</a></td></tr><tr class="passedeven"><td><a href="#m7">logintest</a></td></tr><tr class="passedeven"><td><a href="#m8">logintest</a></td></tr><tr class="passedeven"><td><a href="#m9">logintest_NullDataForPassword</a></td><td rowspan="4">1684683500908</td><td rowspan="4">615</td></tr><tr class="passedeven"><td><a href="#m10">logintest_NullDataForPassword</a></td></tr><tr class="passedeven"><td><a href="#m11">logintest_NullDataForPassword</a></td></tr><tr class="passedeven"><td><a href="#m12">logintest_NullDataForPassword</a></td></tr><tr class="passedeven"><td><a href="#m13">logintest_NullDataForUserName</a></td><td rowspan="5">1684683496423</td><td rowspan="5">502</td></tr><tr class="passedeven"><td><a href="#m14">logintest_NullDataForUserName</a></td></tr><tr class="passedeven"><td><a href="#m15">logintest_NullDataForUserName</a></td></tr><tr class="passedeven"><td><a href="#m16">logintest_NullDataForUserName</a></td></tr><tr class="passedeven"><td><a href="#m17">logintest_NullDataForUserName</a></td></tr></tbody>
</table>
<h2>Default test</h2><h3 id="m0">com.testcase.HomepageTest#logintest_NullDataForPassword</h3><table class="result"><tr class="param"><th>Parameter #1</th></tr><tr class="param stripe"><td>[Priya, Priya123]</td></tr><tr><th>Exception</th></tr><tr><td><div class="stacktrace">java.lang.AssertionError: The following asserts failed:
	Testing_if_the_Null_value_for_Password_in_HomePage_will_be_ACCEPETED expected [false] but found [true]
	at org.testng.asserts.SoftAssert.assertAll(SoftAssert.java:47)
	at org.testng.asserts.SoftAssert.assertAll(SoftAssert.java:31)
	at com.testcase.HomepageTest.logintest_NullDataForPassword(HomepageTest.java:112)
	at java.base/jdk.internal.reflect.NativeMethodAccessorImpl.invoke0(Native Method)
	at java.base/jdk.internal.reflect.NativeMethodAccessorImpl.invoke(NativeMethodAccessorImpl.java:77)
	at java.base/jdk.internal.reflect.DelegatingMethodAccessorImpl.invoke(DelegatingMethodAccessorImpl.java:43)
	at java.base/java.lang.reflect.Method.invoke(Method.java:568)
	at org.testng.internal.MethodInvocationHelper.invokeMethod(MethodInvocationHelper.java:133)
	at org.testng.internal.TestInvoker.invokeMethod(TestInvoker.java:598)
	at org.testng.internal.TestInvoker.invokeTestMethod(TestInvoker.java:173)
	at org.testng.internal.MethodRunner.runInSequence(MethodRunner.java:46)
	at org.testng.internal.TestInvoker$MethodInvocationAgent.invoke(TestInvoker.java:824)
	at org.testng.internal.TestInvoker.invokeTestMethods(TestInvoker.java:146)
	at org.testng.internal.TestMethodWorker.invokeTestMethods(TestMethodWorker.java:146)
	at org.testng.internal.TestMethodWorker.run(TestMethodWorker.java:128)
	at java.base/java.util.ArrayList.forEach(ArrayList.java:1511)
	at org.testng.TestRunner.privateRun(TestRunner.java:794)
	at org.testng.TestRunner.run(TestRunner.java:596)
	at org.testng.SuiteRunner.runTest(SuiteRunner.java:377)
	at org.testng.SuiteRunner.runSequentially(SuiteRunner.java:371)
	at org.testng.SuiteRunner.privateRun(SuiteRunner.java:332)
	at org.testng.SuiteRunner.run(SuiteRunner.java:276)
	at org.testng.SuiteRunnerWorker.runSuite(SuiteRunnerWorker.java:53)
	at org.testng.SuiteRunnerWorker.run(SuiteRunnerWorker.java:96)
	at org.testng.TestNG.runSuitesSequentially(TestNG.java:1212)
	at org.testng.TestNG.runSuitesLocally(TestNG.java:1134)
	at org.testng.TestNG.runSuites(TestNG.java:1063)
	at org.testng.TestNG.run(TestNG.java:1031)
	at org.testng.remote.AbstractRemoteTestNG.run(AbstractRemoteTestNG.java:115)
	at org.testng.remote.RemoteTestNG.initAndRun(RemoteTestNG.java:251)
	at org.testng.remote.RemoteTestNG.main(RemoteTestNG.java:77)
</div></td></tr></table><p class="totop"><a href="#summary">back to summary</a></p>
<h3 id="m1">com.testcase.HomepageTest#logintest_NullDataForUserName_and_Password</h3><table class="result"><tr><th>Exception</th></tr><tr><td><div class="stacktrace">java.lang.AssertionError: Testing whether username and password in Home Page accepts null values expected [false] but found [true]
	at org.testng.Assert.fail(Assert.java:99)
	at org.testng.Assert.failNotEquals(Assert.java:1037)
	at org.testng.Assert.assertFalse(Assert.java:67)
	at com.testcase.HomepageTest.logintest_NullDataForUserName_and_Password(HomepageTest.java:122)
	at java.base/jdk.internal.reflect.NativeMethodAccessorImpl.invoke0(Native Method)
	at java.base/jdk.internal.reflect.NativeMethodAccessorImpl.invoke(NativeMethodAccessorImpl.java:77)
	at java.base/jdk.internal.reflect.DelegatingMethodAccessorImpl.invoke(DelegatingMethodAccessorImpl.java:43)
	at java.base/java.lang.reflect.Method.invoke(Method.java:568)
	at org.testng.internal.MethodInvocationHelper.invokeMethod(MethodInvocationHelper.java:133)
	at org.testng.internal.TestInvoker.invokeMethod(TestInvoker.java:598)
	at org.testng.internal.TestInvoker.invokeTestMethod(TestInvoker.java:173)
	at org.testng.internal.MethodRunner.runInSequence(MethodRunner.java:46)
	at org.testng.internal.TestInvoker$MethodInvocationAgent.invoke(TestInvoker.java:824)
	at org.testng.internal.TestInvoker.invokeTestMethods(TestInvoker.java:146)
	at org.testng.internal.TestMethodWorker.invokeTestMethods(TestMethodWorker.java:146)
	at org.testng.internal.TestMethodWorker.run(TestMethodWorker.java:128)
	at java.base/java.util.ArrayList.forEach(ArrayList.java:1511)
	at org.testng.TestRunner.privateRun(TestRunner.java:794)
	at org.testng.TestRunner.run(TestRunner.java:596)
	at org.testng.SuiteRunner.runTest(SuiteRunner.java:377)
	at org.testng.SuiteRunner.runSequentially(SuiteRunner.java:371)
	at org.testng.SuiteRunner.privateRun(SuiteRunner.java:332)
	at org.testng.SuiteRunner.run(SuiteRunner.java:276)
	at org.testng.SuiteRunnerWorker.runSuite(SuiteRunnerWorker.java:53)
	at org.testng.SuiteRunnerWorker.run(SuiteRunnerWorker.java:96)
	at org.testng.TestNG.runSuitesSequentially(TestNG.java:1212)
	at org.testng.TestNG.runSuitesLocally(TestNG.java:1134)
	at org.testng.TestNG.runSuites(TestNG.java:1063)
	at org.testng.TestNG.run(TestNG.java:1031)
	at org.testng.remote.AbstractRemoteTestNG.run(AbstractRemoteTestNG.java:115)
	at org.testng.remote.RemoteTestNG.initAndRun(RemoteTestNG.java:251)
	at org.testng.remote.RemoteTestNG.main(RemoteTestNG.java:77)
</div></td></tr></table><p class="totop"><a href="#summary">back to summary</a></p>
<h3 id="m2">com.testcase.HomepageTest#clicklinkstest</h3><table class="result"><tr><th class="invisible"/></tr></table><p class="totop"><a href="#summary">back to summary</a></p>
<h3 id="m3">com.testcase.HomepageTest#linkisClickable</h3><table class="result"><tr><th class="invisible"/></tr></table><p class="totop"><a href="#summary">back to summary</a></p>
<h3 id="m4">com.testcase.HomepageTest#logintest</h3><table class="result"><tr class="param"><th>Parameter #1</th><th>Parameter #2</th></tr><tr class="param stripe"><td>Mythili</td><td>Mythili123</td></tr></table><p class="totop"><a href="#summary">back to summary</a></p>
<h3 id="m5">com.testcase.HomepageTest#logintest</h3><table class="result"><tr class="param"><th>Parameter #1</th><th>Parameter #2</th></tr><tr class="param stripe"><td>Dhana</td><td>Dhana123</td></tr></table><p class="totop"><a href="#summary">back to summary</a></p>
<h3 id="m6">com.testcase.HomepageTest#logintest</h3><table class="result"><tr class="param"><th>Parameter #1</th><th>Parameter #2</th></tr><tr class="param stripe"><td>Mary</td><td>Mary123</td></tr></table><p class="totop"><a href="#summary">back to summary</a></p>
<h3 id="m7">com.testcase.HomepageTest#logintest</h3><table class="result"><tr class="param"><th>Parameter #1</th><th>Parameter #2</th></tr><tr class="param stripe"><td>Priya</td><td>Priya123</td></tr></table><p class="totop"><a href="#summary">back to summary</a></p>
<h3 id="m8">com.testcase.HomepageTest#logintest</h3><table class="result"><tr class="param"><th>Parameter #1</th><th>Parameter #2</th></tr><tr class="param stripe"><td>Revathi</td><td>Revathi123</td></tr></table><p class="totop"><a href="#summary">back to summary</a></p>
<h3 id="m9">com.testcase.HomepageTest#logintest_NullDataForPassword</h3><table class="result"><tr class="param"><th>Parameter #1</th></tr><tr class="param stripe"><td>[Mary, Mary123]</td></tr></table><p class="totop"><a href="#summary">back to summary</a></p>
<h3 id="m10">com.testcase.HomepageTest#logintest_NullDataForPassword</h3><table class="result"><tr class="param"><th>Parameter #1</th></tr><tr class="param stripe"><td>[Dhana, Dhana123]</td></tr></table><p class="totop"><a href="#summary">back to summary</a></p>
<h3 id="m11">com.testcase.HomepageTest#logintest_NullDataForPassword</h3><table class="result"><tr class="param"><th>Parameter #1</th></tr><tr class="param stripe"><td>[Mythili, Mythili123]</td></tr></table><p class="totop"><a href="#summary">back to summary</a></p>
<h3 id="m12">com.testcase.HomepageTest#logintest_NullDataForPassword</h3><table class="result"><tr class="param"><th>Parameter #1</th></tr><tr class="param stripe"><td>[Revathi, Revathi123]</td></tr></table><p class="totop"><a href="#summary">back to summary</a></p>
<h3 id="m13">com.testcase.HomepageTest#logintest_NullDataForUserName</h3><table class="result"><tr class="param"><th>Parameter #1</th></tr><tr class="param stripe"><td>[Dhana, Dhana123]</td></tr></table><p class="totop"><a href="#summary">back to summary</a></p>
<h3 id="m14">com.testcase.HomepageTest#logintest_NullDataForUserName</h3><table class="result"><tr class="param"><th>Parameter #1</th></tr><tr class="param stripe"><td>[Mary, Mary123]</td></tr></table><p class="totop"><a href="#summary">back to summary</a></p>
<h3 id="m15">com.testcase.HomepageTest#logintest_NullDataForUserName</h3><table class="result"><tr class="param"><th>Parameter #1</th></tr><tr class="param stripe"><td>[Revathi, Revathi123]</td></tr></table><p class="totop"><a href="#summary">back to summary</a></p>
<h3 id="m16">com.testcase.HomepageTest#logintest_NullDataForUserName</h3><table class="result"><tr class="param"><th>Parameter #1</th></tr><tr class="param stripe"><td>[Mythili, Mythili123]</td></tr></table><p class="totop"><a href="#summary">back to summary</a></p>
<h3 id="m17">com.testcase.HomepageTest#logintest_NullDataForUserName</h3><table class="result"><tr class="param"><th>Parameter #1</th></tr><tr class="param stripe"><td>[Priya, Priya123]</td></tr></table><p class="totop"><a href="#summary">back to summary</a></p>
</body>
</html>
