<?xml version="1.0" encoding="UTF-8"?>
<testng-results ignored="0" total="18" passed="16" failed="2" skipped="0">
  <reporter-output>
  </reporter-output>
  <suite started-at="2023-05-21T11:37:43 EDT" name="Default suite" finished-at="2023-05-21T11:38:23 EDT" duration-ms="40397">
    <groups>
    </groups>
    <test started-at="2023-05-21T11:37:43 EDT" name="Default test" finished-at="2023-05-21T11:38:23 EDT" duration-ms="40397">
      <class name="com.testcase.HomepageTest">
        <test-method is-config="true" signature="setup()[pri:0, instance:com.testcase.HomepageTest@69e153c5]" started-at="2023-05-21T11:37:43 EDT" name="setup" finished-at="2023-05-21T11:37:47 EDT" duration-ms="4515" status="PASS">
          <reporter-output>
          </reporter-output>
        </test-method> <!-- setup -->
        <test-method signature="linkisClickable()[pri:1, instance:com.testcase.HomepageTest@69e153c5]" started-at="2023-05-21T11:37:47 EDT" name="linkisClickable" finished-at="2023-05-21T11:37:48 EDT" duration-ms="473" status="PASS">
          <reporter-output>
          </reporter-output>
        </test-method> <!-- linkisClickable -->
        <test-method signature="clicklinkstest()[pri:2, instance:com.testcase.HomepageTest@69e153c5]" started-at="2023-05-21T11:37:48 EDT" name="clicklinkstest" finished-at="2023-05-21T11:37:53 EDT" duration-ms="5496" status="PASS">
          <reporter-output>
          </reporter-output>
        </test-method> <!-- clicklinkstest -->
        <test-method signature="logintest(java.lang.String,java.lang.String)[pri:3, instance:com.testcase.HomepageTest@69e153c5]" started-at="2023-05-21T11:37:54 EDT" name="logintest" data-provider="testdata" finished-at="2023-05-21T11:38:07 EDT" duration-ms="12305" status="PASS">
          <params>
            <param index="0">
              <value>
                <![CDATA[Revathi]]>
              </value>
            </param>
            <param index="1">
              <value>
                <![CDATA[Revathi123]]>
              </value>
            </param>
          </params>
          <reporter-output>
          </reporter-output>
        </test-method> <!-- logintest -->
        <test-method signature="logintest(java.lang.String,java.lang.String)[pri:3, instance:com.testcase.HomepageTest@69e153c5]" started-at="2023-05-21T11:38:07 EDT" name="logintest" data-provider="testdata" finished-at="2023-05-21T11:38:09 EDT" duration-ms="2016" status="PASS">
          <params>
            <param index="0">
              <value>
                <![CDATA[Priya]]>
              </value>
            </param>
            <param index="1">
              <value>
                <![CDATA[Priya123]]>
              </value>
            </param>
          </params>
          <reporter-output>
          </reporter-output>
        </test-method> <!-- logintest -->
        <test-method signature="logintest(java.lang.String,java.lang.String)[pri:3, instance:com.testcase.HomepageTest@69e153c5]" started-at="2023-05-21T11:38:09 EDT" name="logintest" data-provider="testdata" finished-at="2023-05-21T11:38:11 EDT" duration-ms="1935" status="PASS">
          <params>
            <param index="0">
              <value>
                <![CDATA[Dhana]]>
              </value>
            </param>
            <param index="1">
              <value>
                <![CDATA[Dhana123]]>
              </value>
            </param>
          </params>
          <reporter-output>
          </reporter-output>
        </test-method> <!-- logintest -->
        <test-method signature="logintest(java.lang.String,java.lang.String)[pri:3, instance:com.testcase.HomepageTest@69e153c5]" started-at="2023-05-21T11:38:11 EDT" name="logintest" data-provider="testdata" finished-at="2023-05-21T11:38:13 EDT" duration-ms="1913" status="PASS">
          <params>
            <param index="0">
              <value>
                <![CDATA[Mary]]>
              </value>
            </param>
            <param index="1">
              <value>
                <![CDATA[Mary123]]>
              </value>
            </param>
          </params>
          <reporter-output>
          </reporter-output>
        </test-method> <!-- logintest -->
        <test-method signature="logintest(java.lang.String,java.lang.String)[pri:3, instance:com.testcase.HomepageTest@69e153c5]" started-at="2023-05-21T11:38:13 EDT" name="logintest" data-provider="testdata" finished-at="2023-05-21T11:38:15 EDT" duration-ms="1907" status="PASS">
          <params>
            <param index="0">
              <value>
                <![CDATA[Mythili]]>
              </value>
            </param>
            <param index="1">
              <value>
                <![CDATA[Mythili123]]>
              </value>
            </param>
          </params>
          <reporter-output>
          </reporter-output>
        </test-method> <!-- logintest -->
        <test-method signature="logintest_NullDataForUserName([Ljava.lang.String;)[pri:4, instance:com.testcase.HomepageTest@69e153c5]" started-at="2023-05-21T11:38:15 EDT" name="logintest_NullDataForUserName" data-provider="testdata" finished-at="2023-05-21T11:38:15 EDT" duration-ms="638" status="PASS">
          <params>
            <param index="0">
              <value>
                <![CDATA[[Ljava.lang.String;@62054faf]]>
              </value>
            </param>
          </params>
          <reporter-output>
          </reporter-output>
        </test-method> <!-- logintest_NullDataForUserName -->
        <test-method signature="logintest_NullDataForUserName([Ljava.lang.String;)[pri:4, instance:com.testcase.HomepageTest@69e153c5]" started-at="2023-05-21T11:38:15 EDT" name="logintest_NullDataForUserName" data-provider="testdata" finished-at="2023-05-21T11:38:16 EDT" duration-ms="636" status="PASS">
          <params>
            <param index="0">
              <value>
                <![CDATA[[Ljava.lang.String;@3578a45b]]>
              </value>
            </param>
          </params>
          <reporter-output>
          </reporter-output>
        </test-method> <!-- logintest_NullDataForUserName -->
        <test-method signature="logintest_NullDataForUserName([Ljava.lang.String;)[pri:4, instance:com.testcase.HomepageTest@69e153c5]" started-at="2023-05-21T11:38:16 EDT" name="logintest_NullDataForUserName" data-provider="testdata" finished-at="2023-05-21T11:38:16 EDT" duration-ms="502" status="PASS">
          <params>
            <param index="0">
              <value>
                <![CDATA[[Ljava.lang.String;@70ecf57b]]>
              </value>
            </param>
          </params>
          <reporter-output>
          </reporter-output>
        </test-method> <!-- logintest_NullDataForUserName -->
        <test-method signature="logintest_NullDataForUserName([Ljava.lang.String;)[pri:4, instance:com.testcase.HomepageTest@69e153c5]" started-at="2023-05-21T11:38:16 EDT" name="logintest_NullDataForUserName" data-provider="testdata" finished-at="2023-05-21T11:38:17 EDT" duration-ms="622" status="PASS">
          <params>
            <param index="0">
              <value>
                <![CDATA[[Ljava.lang.String;@4e5364a3]]>
              </value>
            </param>
          </params>
          <reporter-output>
          </reporter-output>
        </test-method> <!-- logintest_NullDataForUserName -->
        <test-method signature="logintest_NullDataForUserName([Ljava.lang.String;)[pri:4, instance:com.testcase.HomepageTest@69e153c5]" started-at="2023-05-21T11:38:17 EDT" name="logintest_NullDataForUserName" data-provider="testdata" finished-at="2023-05-21T11:38:18 EDT" duration-ms="705" status="PASS">
          <params>
            <param index="0">
              <value>
                <![CDATA[[Ljava.lang.String;@75d539b9]]>
              </value>
            </param>
          </params>
          <reporter-output>
          </reporter-output>
        </test-method> <!-- logintest_NullDataForUserName -->
        <test-method signature="logintest_NullDataForPassword([Ljava.lang.String;)[pri:5, instance:com.testcase.HomepageTest@69e153c5]" started-at="2023-05-21T11:38:18 EDT" name="logintest_NullDataForPassword" data-provider="testdata" finished-at="2023-05-21T11:38:18 EDT" duration-ms="480" status="PASS">
          <params>
            <param index="0">
              <value>
                <![CDATA[[Ljava.lang.String;@69bc4024]]>
              </value>
            </param>
          </params>
          <reporter-output>
          </reporter-output>
        </test-method> <!-- logintest_NullDataForPassword -->
        <test-method signature="logintest_NullDataForPassword([Ljava.lang.String;)[pri:5, instance:com.testcase.HomepageTest@69e153c5]" started-at="2023-05-21T11:38:18 EDT" name="logintest_NullDataForPassword" data-provider="testdata" finished-at="2023-05-21T11:38:19 EDT" duration-ms="1125" status="FAIL">
          <params>
            <param index="0">
              <value>
                <![CDATA[[Ljava.lang.String;@4ede035e]]>
              </value>
            </param>
          </params>
          <exception class="java.lang.AssertionError">
            <message>
              <![CDATA[The following asserts failed:
Testing_if_the_Null_value_for_Password_in_HomePage_will_be_ACCEPETED expected [false] but found [true]]]>
            </message>
            <full-stacktrace>
              <![CDATA[java.lang.AssertionError: The following asserts failed:
Testing_if_the_Null_value_for_Password_in_HomePage_will_be_ACCEPETED expected [false] but found [true]
at org.testng.asserts.SoftAssert.assertAll(SoftAssert.java:47)
at org.testng.asserts.SoftAssert.assertAll(SoftAssert.java:31)
at com.testcase.HomepageTest.logintest_NullDataForPassword(HomepageTest.java:112)
at java.base/jdk.internal.reflect.NativeMethodAccessorImpl.invoke0(Native Method)
at java.base/jdk.internal.reflect.NativeMethodAccessorImpl.invoke(NativeMethodAccessorImpl.java:77)
at java.base/jdk.internal.reflect.DelegatingMethodAccessorImpl.invoke(DelegatingMethodAccessorImpl.java:43)
at java.base/java.lang.reflect.Method.invoke(Method.java:568)
at org.testng.internal.MethodInvocationHelper.invokeMethod(MethodInvocationHelper.java:133)
at org.testng.internal.TestInvoker.invokeMethod(TestInvoker.java:598)
at org.testng.internal.TestInvoker.invokeTestMethod(TestInvoker.java:173)
at org.testng.internal.MethodRunner.runInSequence(MethodRunner.java:46)
at org.testng.internal.TestInvoker$MethodInvocationAgent.invoke(TestInvoker.java:824)
at org.testng.internal.TestInvoker.invokeTestMethods(TestInvoker.java:146)
at org.testng.internal.TestMethodWorker.invokeTestMethods(TestMethodWorker.java:146)
at org.testng.internal.TestMethodWorker.run(TestMethodWorker.java:128)
at java.base/java.util.ArrayList.forEach(ArrayList.java:1511)
at org.testng.TestRunner.privateRun(TestRunner.java:794)
at org.testng.TestRunner.run(TestRunner.java:596)
at org.testng.SuiteRunner.runTest(SuiteRunner.java:377)
at org.testng.SuiteRunner.runSequentially(SuiteRunner.java:371)
at org.testng.SuiteRunner.privateRun(SuiteRunner.java:332)
at org.testng.SuiteRunner.run(SuiteRunner.java:276)
at org.testng.SuiteRunnerWorker.runSuite(SuiteRunnerWorker.java:53)
at org.testng.SuiteRunnerWorker.run(SuiteRunnerWorker.java:96)
at org.testng.TestNG.runSuitesSequentially(TestNG.java:1212)
at org.testng.TestNG.runSuitesLocally(TestNG.java:1134)
at org.testng.TestNG.runSuites(TestNG.java:1063)
at org.testng.TestNG.run(TestNG.java:1031)
at org.testng.remote.AbstractRemoteTestNG.run(AbstractRemoteTestNG.java:115)
at org.testng.remote.RemoteTestNG.initAndRun(RemoteTestNG.java:251)
at org.testng.remote.RemoteTestNG.main(RemoteTestNG.java:77)
]]>
            </full-stacktrace>
          </exception> <!-- java.lang.AssertionError -->
          <reporter-output>
          </reporter-output>
        </test-method> <!-- logintest_NullDataForPassword -->
        <test-method signature="logintest_NullDataForPassword([Ljava.lang.String;)[pri:5, instance:com.testcase.HomepageTest@69e153c5]" started-at="2023-05-21T11:38:20 EDT" name="logintest_NullDataForPassword" data-provider="testdata" finished-at="2023-05-21T11:38:20 EDT" duration-ms="605" status="PASS">
          <params>
            <param index="0">
              <value>
                <![CDATA[[Ljava.lang.String;@20f63ddc]]>
              </value>
            </param>
          </params>
          <reporter-output>
          </reporter-output>
        </test-method> <!-- logintest_NullDataForPassword -->
        <test-method signature="logintest_NullDataForPassword([Ljava.lang.String;)[pri:5, instance:com.testcase.HomepageTest@69e153c5]" started-at="2023-05-21T11:38:20 EDT" name="logintest_NullDataForPassword" data-provider="testdata" finished-at="2023-05-21T11:38:21 EDT" duration-ms="615" status="PASS">
          <params>
            <param index="0">
              <value>
                <![CDATA[[Ljava.lang.String;@1a336906]]>
              </value>
            </param>
          </params>
          <reporter-output>
          </reporter-output>
        </test-method> <!-- logintest_NullDataForPassword -->
        <test-method signature="logintest_NullDataForPassword([Ljava.lang.String;)[pri:5, instance:com.testcase.HomepageTest@69e153c5]" started-at="2023-05-21T11:38:21 EDT" name="logintest_NullDataForPassword" data-provider="testdata" finished-at="2023-05-21T11:38:22 EDT" duration-ms="669" status="PASS">
          <params>
            <param index="0">
              <value>
                <![CDATA[[Ljava.lang.String;@210c1b9d]]>
              </value>
            </param>
          </params>
          <reporter-output>
          </reporter-output>
        </test-method> <!-- logintest_NullDataForPassword -->
        <test-method signature="logintest_NullDataForUserName_and_Password()[pri:6, instance:com.testcase.HomepageTest@69e153c5]" started-at="2023-05-21T11:38:22 EDT" name="logintest_NullDataForUserName_and_Password" finished-at="2023-05-21T11:38:22 EDT" duration-ms="758" status="FAIL">
          <exception class="java.lang.AssertionError">
            <message>
              <![CDATA[Testing whether username and password in Home Page accepts null values expected [false] but found [true]]]>
            </message>
            <full-stacktrace>
              <![CDATA[java.lang.AssertionError: Testing whether username and password in Home Page accepts null values expected [false] but found [true]
at org.testng.Assert.fail(Assert.java:99)
at org.testng.Assert.failNotEquals(Assert.java:1037)
at org.testng.Assert.assertFalse(Assert.java:67)
at com.testcase.HomepageTest.logintest_NullDataForUserName_and_Password(HomepageTest.java:122)
at java.base/jdk.internal.reflect.NativeMethodAccessorImpl.invoke0(Native Method)
at java.base/jdk.internal.reflect.NativeMethodAccessorImpl.invoke(NativeMethodAccessorImpl.java:77)
at java.base/jdk.internal.reflect.DelegatingMethodAccessorImpl.invoke(DelegatingMethodAccessorImpl.java:43)
at java.base/java.lang.reflect.Method.invoke(Method.java:568)
at org.testng.internal.MethodInvocationHelper.invokeMethod(MethodInvocationHelper.java:133)
at org.testng.internal.TestInvoker.invokeMethod(TestInvoker.java:598)
at org.testng.internal.TestInvoker.invokeTestMethod(TestInvoker.java:173)
at org.testng.internal.MethodRunner.runInSequence(MethodRunner.java:46)
at org.testng.internal.TestInvoker$MethodInvocationAgent.invoke(TestInvoker.java:824)
at org.testng.internal.TestInvoker.invokeTestMethods(TestInvoker.java:146)
at org.testng.internal.TestMethodWorker.invokeTestMethods(TestMethodWorker.java:146)
at org.testng.internal.TestMethodWorker.run(TestMethodWorker.java:128)
at java.base/java.util.ArrayList.forEach(ArrayList.java:1511)
at org.testng.TestRunner.privateRun(TestRunner.java:794)
at org.testng.TestRunner.run(TestRunner.java:596)
at org.testng.SuiteRunner.runTest(SuiteRunner.java:377)
at org.testng.SuiteRunner.runSequentially(SuiteRunner.java:371)
at org.testng.SuiteRunner.privateRun(SuiteRunner.java:332)
at org.testng.SuiteRunner.run(SuiteRunner.java:276)
at org.testng.SuiteRunnerWorker.runSuite(SuiteRunnerWorker.java:53)
at org.testng.SuiteRunnerWorker.run(SuiteRunnerWorker.java:96)
at org.testng.TestNG.runSuitesSequentially(TestNG.java:1212)
at org.testng.TestNG.runSuitesLocally(TestNG.java:1134)
at org.testng.TestNG.runSuites(TestNG.java:1063)
at org.testng.TestNG.run(TestNG.java:1031)
at org.testng.remote.AbstractRemoteTestNG.run(AbstractRemoteTestNG.java:115)
at org.testng.remote.RemoteTestNG.initAndRun(RemoteTestNG.java:251)
at org.testng.remote.RemoteTestNG.main(RemoteTestNG.java:77)
]]>
            </full-stacktrace>
          </exception> <!-- java.lang.AssertionError -->
          <reporter-output>
          </reporter-output>
        </test-method> <!-- logintest_NullDataForUserName_and_Password -->
        <test-method is-config="true" signature="teardown()[pri:0, instance:com.testcase.HomepageTest@69e153c5]" started-at="2023-05-21T11:38:23 EDT" name="teardown" finished-at="2023-05-21T11:38:23 EDT" duration-ms="199" status="PASS">
          <reporter-output>
          </reporter-output>
        </test-method> <!-- teardown -->
      </class> <!-- com.testcase.HomepageTest -->
    </test> <!-- Default test -->
  </suite> <!-- Default suite -->
</testng-results>
